<?xml version="1.0" encoding="UTF-8"?>
<!-- Generated by org.testng.reporters.JUnitReportReporter -->
<testsuite hostname="DESKTOP-8C7M52P" failures="0" tests="1" name="initiation.ConactUs" time="89.711" errors="0" timestamp="2025-09-01T21:14:52 IST" skipped="0">
  <testcase classname="initiation.ConactUs" name="verifyDashBoardTest" time="89.711"/>
</testsuite> <!-- initiation.ConactUs -->
